[0.035s] Invoking command in '/home/starchdev/ros2_ws/build/my_cpp_pkg': DEBUGINFOD_URLS=https://debuginfod.ubuntu.com /usr/bin/cmake --build /home/starchdev/ros2_ws/build/my_cpp_pkg -- -j2 -l2
[0.181s] -- Found ament_cmake: 2.5.4 (/opt/ros/jazzy/share/ament_cmake/cmake)
[0.610s] -- Found rclcpp: 28.1.10 (/opt/ros/jazzy/share/rclcpp/cmake)
[0.676s] -- Found rosidl_generator_c: 4.6.5 (/opt/ros/jazzy/share/rosidl_generator_c/cmake)
[0.698s] -- Found rosidl_generator_cpp: 4.6.5 (/opt/ros/jazzy/share/rosidl_generator_cpp/cmake)
[0.727s] -- Using all available rosidl_typesupport_c: rosidl_typesupport_fastrtps_c;rosidl_typesupport_introspection_c
[0.762s] -- Using all available rosidl_typesupport_cpp: rosidl_typesupport_fastrtps_cpp;rosidl_typesupport_introspection_cpp
[0.905s] -- Found rmw_implementation_cmake: 7.3.2 (/opt/ros/jazzy/share/rmw_implementation_cmake/cmake)
[0.910s] -- Found rmw_fastrtps_cpp: 8.4.2 (/opt/ros/jazzy/share/rmw_fastrtps_cpp/cmake)
[1.049s] -- Using RMW implementation 'rmw_fastrtps_cpp' as default
[1.201s] -- Found example_interfaces: 0.12.0 (/opt/ros/jazzy/share/example_interfaces/cmake)
[1.468s] Error parsing '/home/starchdev/ros2_ws/src/my_cpp_pkg/package.xml':
[7.906s] Traceback (most recent call last):
[7.909s]   File "/usr/lib/python3/dist-packages/catkin_pkg/package.py", line 610, in parse_package_string
[7.910s]     root = dom.parseString(data)
[7.910s]            ^^^^^^^^^^^^^^^^^^^^^
[7.911s]   File "/usr/lib/python3.12/xml/dom/minidom.py", line 2000, in parseString
[7.912s]     return expatbuilder.parseString(string)
[7.912s]            ^^^^^^^^^^^^^^^^^^^^^^^^^^^^^^^^
[7.912s]   File "/usr/lib/python3.12/xml/dom/expatbuilder.py", line 922, in parseString
[7.913s]     return builder.parseString(string)
[7.913s]            ^^^^^^^^^^^^^^^^^^^^^^^^^^^
[7.913s]   File "/usr/lib/python3.12/xml/dom/expatbuilder.py", line 220, in parseString
[7.913s]     parser.Parse(string, True)
[7.914s] xml.parsers.expat.ExpatError: not well-formed (invalid token): line 13, column 30
[7.914s] 
[7.914s] During handling of the above exception, another exception occurred:
[7.915s] 
[7.915s] Traceback (most recent call last):
[7.915s]   File "/opt/ros/jazzy/share/ament_cmake_core/cmake/core/package_xml_2_cmake.py", line 150, in <module>
[7.916s]     main()
[7.919s]   File "/opt/ros/jazzy/share/ament_cmake_core/cmake/core/package_xml_2_cmake.py", line 53, in main
[7.920s]     raise e
[7.921s]   File "/opt/ros/jazzy/share/ament_cmake_core/cmake/core/package_xml_2_cmake.py", line 49, in main
[7.922s]     package = parse_package_string(
[7.922s]               ^^^^^^^^^^^^^^^^^^^^^
[7.922s]   File "/usr/lib/python3/dist-packages/catkin_pkg/package.py", line 612, in parse_package_string
[7.923s]     raise InvalidPackage('The manifest contains invalid XML:\n%s' % ex, filename)
[7.923s] catkin_pkg.package.InvalidPackage: Error(s) in package '/home/starchdev/ros2_ws/src/my_cpp_pkg/package.xml':
[7.929s] The manifest contains invalid XML:
[7.934s] not well-formed (invalid token): line 13, column 30
[8.026s] [31mCMake Error at /opt/ros/jazzy/share/ament_cmake_core/cmake/core/ament_package_xml.cmake:95 (message):
[8.026s]   execute_process(/usr/bin/python3
[8.026s]   /opt/ros/jazzy/share/ament_cmake_core/cmake/core/package_xml_2_cmake.py
[8.026s]   /home/starchdev/ros2_ws/src/my_cpp_pkg/package.xml
[8.027s]   /home/starchdev/ros2_ws/build/my_cpp_pkg/ament_cmake_core/package.cmake)
[8.027s]   returned error code 1
[8.027s] Call Stack (most recent call first):
[8.027s]   /opt/ros/jazzy/share/ament_cmake_core/cmake/core/ament_package_xml.cmake:49 (_ament_package_xml)
[8.027s]   /opt/ros/jazzy/share/ament_cmake_core/cmake/core/ament_package.cmake:63 (ament_package_xml)
[8.027s]   CMakeLists.txt:48 (ament_package)
[8.028s] 
[8.028s] [0m
[8.028s] -- Configuring incomplete, errors occurred!
[8.045s] gmake: *** [Makefile:267: cmake_check_build_system] Error 1
[8.048s] Invoked command in '/home/starchdev/ros2_ws/build/my_cpp_pkg' returned '2': DEBUGINFOD_URLS=https://debuginfod.ubuntu.com /usr/bin/cmake --build /home/starchdev/ros2_ws/build/my_cpp_pkg -- -j2 -l2
