[0.020s] Invoking command in '/home/starchdev/ros2_ws/build/my_cpp_pkg': DEBUGINFOD_URLS=https://debuginfod.ubuntu.com /usr/bin/cmake --build /home/starchdev/ros2_ws/build/my_cpp_pkg -- -j2 -l2
[0.073s] -- Found ament_cmake: 2.5.4 (/opt/ros/jazzy/share/ament_cmake/cmake)
[0.483s] -- Found rclcpp: 28.1.10 (/opt/ros/jazzy/share/rclcpp/cmake)
[0.540s] -- Found rosidl_generator_c: 4.6.5 (/opt/ros/jazzy/share/rosidl_generator_c/cmake)
[0.559s] -- Found rosidl_generator_cpp: 4.6.5 (/opt/ros/jazzy/share/rosidl_generator_cpp/cmake)
[0.582s] -- Using all available rosidl_typesupport_c: rosidl_typesupport_fastrtps_c;rosidl_typesupport_introspection_c
[0.612s] -- Using all available rosidl_typesupport_cpp: rosidl_typesupport_fastrtps_cpp;rosidl_typesupport_introspection_cpp
[0.742s] -- Found rmw_implementation_cmake: 7.3.2 (/opt/ros/jazzy/share/rmw_implementation_cmake/cmake)
[0.745s] -- Found rmw_fastrtps_cpp: 8.4.2 (/opt/ros/jazzy/share/rmw_fastrtps_cpp/cmake)
[0.865s] -- Using RMW implementation 'rmw_fastrtps_cpp' as default
[0.998s] -- Found example_interfaces: 0.12.0 (/opt/ros/jazzy/share/example_interfaces/cmake)
[1.243s] Error parsing '/home/starchdev/ros2_ws/src/my_cpp_pkg/package.xml':
[6.874s] Traceback (most recent call last):
[6.875s]   File "/usr/lib/python3/dist-packages/catkin_pkg/package.py", line 610, in parse_package_string
[6.876s]     root = dom.parseString(data)
[6.877s]            ^^^^^^^^^^^^^^^^^^^^^
[6.877s]   File "/usr/lib/python3.12/xml/dom/minidom.py", line 2000, in parseString
[6.877s]     return expatbuilder.parseString(string)
[6.877s]            ^^^^^^^^^^^^^^^^^^^^^^^^^^^^^^^^
[6.877s]   File "/usr/lib/python3.12/xml/dom/expatbuilder.py", line 922, in parseString
[6.877s]     return builder.parseString(string)
[6.877s]            ^^^^^^^^^^^^^^^^^^^^^^^^^^^
[6.878s]   File "/usr/lib/python3.12/xml/dom/expatbuilder.py", line 220, in parseString
[6.878s]     parser.Parse(string, True)
[6.878s] xml.parsers.expat.ExpatError: not well-formed (invalid token): line 13, column 30
[6.878s] 
[6.879s] During handling of the above exception, another exception occurred:
[6.879s] 
[6.879s] Traceback (most recent call last):
[6.879s]   File "/opt/ros/jazzy/share/ament_cmake_core/cmake/core/package_xml_2_cmake.py", line 150, in <module>
[6.879s]     main()
[6.879s]   File "/opt/ros/jazzy/share/ament_cmake_core/cmake/core/package_xml_2_cmake.py", line 53, in main
[6.880s]     raise e
[6.880s]   File "/opt/ros/jazzy/share/ament_cmake_core/cmake/core/package_xml_2_cmake.py", line 49, in main
[6.880s]     package = parse_package_string(
[6.880s]               ^^^^^^^^^^^^^^^^^^^^^
[6.880s]   File "/usr/lib/python3/dist-packages/catkin_pkg/package.py", line 612, in parse_package_string
[6.880s]     raise InvalidPackage('The manifest contains invalid XML:\n%s' % ex, filename)
[6.880s] catkin_pkg.package.InvalidPackage: Error(s) in package '/home/starchdev/ros2_ws/src/my_cpp_pkg/package.xml':
[6.881s] The manifest contains invalid XML:
[6.881s] not well-formed (invalid token): line 13, column 30
[6.970s] [31mCMake Error at /opt/ros/jazzy/share/ament_cmake_core/cmake/core/ament_package_xml.cmake:95 (message):
[6.970s]   execute_process(/usr/bin/python3
[6.970s]   /opt/ros/jazzy/share/ament_cmake_core/cmake/core/package_xml_2_cmake.py
[6.971s]   /home/starchdev/ros2_ws/src/my_cpp_pkg/package.xml
[6.971s]   /home/starchdev/ros2_ws/build/my_cpp_pkg/ament_cmake_core/package.cmake)
[6.971s]   returned error code 1
[6.971s] Call Stack (most recent call first):
[6.971s]   /opt/ros/jazzy/share/ament_cmake_core/cmake/core/ament_package_xml.cmake:49 (_ament_package_xml)
[6.971s]   /opt/ros/jazzy/share/ament_cmake_core/cmake/core/ament_package.cmake:63 (ament_package_xml)
[6.972s]   CMakeLists.txt:48 (ament_package)
[6.972s] 
[6.972s] [0m
[6.972s] -- Configuring incomplete, errors occurred!
[6.987s] gmake: *** [Makefile:267: cmake_check_build_system] Error 1
[6.991s] Invoked command in '/home/starchdev/ros2_ws/build/my_cpp_pkg' returned '2': DEBUGINFOD_URLS=https://debuginfod.ubuntu.com /usr/bin/cmake --build /home/starchdev/ros2_ws/build/my_cpp_pkg -- -j2 -l2
